<?xml version="1.0" encoding="UTF-8"?>
<!-- Generated by org.testng.reporters.JUnitXMLReporter -->
<testsuite hostname="LAPTOP-E254P1KB" ignored="0" name="Test" tests="1" failures="0" timestamp="08 Sep 2020 08:15:51 GMT" time="0.057" errors="0">
  <testcase name="@BeforeSuite setUpsuite" time="0.101" classname="com.pages.Baseclass">
    <failure type="org.apache.poi.poifs.filesystem.OfficeXmlFileException" message="The supplied data appears to be in the Office 2007+ XML. You are calling the part of POI that deals with OLE2 Office Documents. You need to call a different part of POI to process this data (eg XSSF instead of HSSF)">
      <![CDATA[org.apache.poi.poifs.filesystem.OfficeXmlFileException: The supplied data appears to be in the Office 2007+ XML. You are calling the part of POI that deals with OLE2 Office Documents. You need to call a different part of POI to process this data (eg XSSF instead of HSSF)
at org.apache.poi.poifs.storage.HeaderBlock.<init>(HeaderBlock.java:126)
at org.apache.poi.poifs.storage.HeaderBlock.<init>(HeaderBlock.java:113)
at org.apache.poi.poifs.filesystem.NPOIFSFileSystem.<init>(NPOIFSFileSystem.java:301)
at org.apache.poi.hssf.usermodel.HSSFWorkbook.<init>(HSSFWorkbook.java:413)
at org.apache.poi.hssf.usermodel.HSSFWorkbook.<init>(HSSFWorkbook.java:394)
at com.utility.ExcelDataProvider.<init>(ExcelDataProvider.java:18)
at com.pages.Baseclass.setUpsuite(Baseclass.java:24)
... Removed 20 stack frames]]>
    </failure>
  </testcase> <!-- @BeforeSuite setUpsuite -->
  <testcase name="@BeforeClass setup" time="0.0" classname="com.pages.Baseclass">
    <skipped/>
  </testcase> <!-- @BeforeClass setup -->
  <testcase name="@AfterClass teardown" time="0.0" classname="com.pages.Baseclass">
    <skipped/>
  </testcase> <!-- @AfterClass teardown -->
  <testcase name="loginapp" time="0.0" classname="com.testcases.LoginTest">
    <skipped/>
  </testcase> <!-- loginapp -->
</testsuite> <!-- Test -->
